[ERROR] 2019-12-25 19:24:39.946 [main] SpringLog4j2Application - Oops! We have an Error. OK
[FATAL] 2019-12-25 19:24:39.989 [main] SpringLog4j2Application - Fatal error. Please fix me.
[ERROR] 2019-12-25 19:33:24.442 [main] SpringLog4j2Application - Oops! We have an Error. OK
[FATAL] 2019-12-25 19:33:24.485 [main] SpringLog4j2Application - Fatal error. Please fix me.
[DEBUG] 2019-12-25 19:33:34.134 [http-nio-8080-exec-1] Log4jController - Log4j2 message: LogData(level=info level, description=this is log data description)
[ERROR] 2020-01-17 23:35:50.511 [main] SpringLog4j2Application - Oops! We have an Error. OK
[FATAL] 2020-01-17 23:35:50.574 [main] SpringLog4j2Application - Fatal error. Please fix me.
[DEBUG] 2020-01-17 23:43:22.725 [http-nio-8080-exec-1] Log4jController - Log4j2 message: LogData(level=info level, description=this is log data description)
[ERROR] 2020-01-17 23:52:24.255 [main] SpringLog4j2Application - Oops! We have an Error. OK
[FATAL] 2020-01-17 23:52:24.299 [main] SpringLog4j2Application - Fatal error. Please fix me.
[DEBUG] 2020-01-17 23:52:44.663 [http-nio-8080-exec-1] Log4jController - Log4j2 message: LogData(level=info level, description=this is log data description)
[DEBUG] 2020-01-17 23:52:58.768 [http-nio-8080-exec-3] Log4jController - Log4j2 message: LogData(level=info level, description=this is log data description)
[DEBUG] 2020-01-18 00:00:49.061 [http-nio-8080-exec-5] Log4jController - Log4j2 message: LogData(level=info level, description=this is log data description)
[DEBUG] 2020-01-18 00:01:26.642 [http-nio-8080-exec-7] Log4jController - Log4j2 message: LogData(level=info level, description=this is log data description)
[DEBUG] 2020-01-18 00:01:37.807 [http-nio-8080-exec-9] Log4jController - Log4j2 message: LogData(level=info level, description=this is log data description)
[ERROR] 2020-01-18 00:03:22.830 [main] SpringLog4j2Application - Oops! We have an Error. OK
[FATAL] 2020-01-18 00:03:22.874 [main] SpringLog4j2Application - Fatal error. Please fix me.
[DEBUG] 2020-01-18 00:03:41.108 [http-nio-8080-exec-1] Log4jController - Log4j2 message: LogData(level=info level, description=this is log data description)
[ERROR] 2020-01-18 00:03:41.112 [http-nio-8080-exec-1] Log4jController - 489bc87a-44dc-4627-8ca5-383baa09ff06
[ERROR] 2020-01-18 00:05:24.129 [main] SpringLog4j2Application - Oops! We have an Error. OK
[FATAL] 2020-01-18 00:05:24.173 [main] SpringLog4j2Application - Fatal error. Please fix me.
[DEBUG] 2020-01-18 00:05:56.159 [http-nio-8080-exec-1] Log4jController - Log4j2 message: LogData(level=info level, description=this is log data description)
[ERROR] 2020-01-18 00:05:56.163 [http-nio-8080-exec-1] Log4jController - Mani context test:d9bc96d0-92c1-4cb9-8548-f76f1307f2c8
